2017-04-06 15:58:09.776 [main] INFO  com.Application -Starting Application v1.3.3.RELEASE on T-ZHANGSHANLIN1 with PID 42064 (E:\WorkSpace\IdeaProjects\Hadoop\DailyReport\target\ifengHeadLineReport-1.3.3.RELEASE.jar started by chenjh5 in E:\WorkSpace\IdeaProjects\Hadoop\DailyReport\target)
2017-04-06 15:58:09.776 [main] INFO  com.Application -No active profile set, falling back to default profiles: default
2017-04-06 15:58:09.885 [main] INFO  o.s.b.c.e.AnnotationConfigEmbeddedWebApplicationContext -Refreshing org.springframework.boot.context.embedded.AnnotationConfigEmbeddedWebApplicationContext@4e15cb96: startup date [Thu Apr 06 15:58:09 CST 2017]; root of context hierarchy
2017-04-06 15:58:13.130 [main] INFO  o.s.b.f.s.DefaultListableBeanFactory -Overriding bean definition for bean 'beanNameViewResolver' with a different definition: replacing [Root bean: class [null]; scope=; abstract=false; lazyInit=false; autowireMode=3; dependencyCheck=0; autowireCandidate=true; primary=false; factoryBeanName=org.springframework.boot.autoconfigure.web.ErrorMvcAutoConfiguration$WhitelabelErrorViewConfiguration; factoryMethodName=beanNameViewResolver; initMethodName=null; destroyMethodName=(inferred); defined in class path resource [org/springframework/boot/autoconfigure/web/ErrorMvcAutoConfiguration$WhitelabelErrorViewConfiguration.class]] with [Root bean: class [null]; scope=; abstract=false; lazyInit=false; autowireMode=3; dependencyCheck=0; autowireCandidate=true; primary=false; factoryBeanName=org.springframework.boot.autoconfigure.web.WebMvcAutoConfiguration$WebMvcAutoConfigurationAdapter; factoryMethodName=beanNameViewResolver; initMethodName=null; destroyMethodName=(inferred); defined in class path resource [org/springframework/boot/autoconfigure/web/WebMvcAutoConfiguration$WebMvcAutoConfigurationAdapter.class]]
2017-04-06 15:58:14.052 [main] INFO  o.s.c.s.PostProcessorRegistrationDelegate$BeanPostProcessorChecker -Bean 'org.springframework.transaction.annotation.ProxyTransactionManagementConfiguration' of type [class org.springframework.transaction.annotation.ProxyTransactionManagementConfiguration$$EnhancerBySpringCGLIB$$d1f418c] is not eligible for getting processed by all BeanPostProcessors (for example: not eligible for auto-proxying)
2017-04-06 15:58:15.534 [main] INFO  o.s.b.c.e.t.TomcatEmbeddedServletContainer -Tomcat initialized with port(s): 8067 (http)
2017-04-06 15:58:15.596 [main] INFO  o.a.catalina.core.StandardService -Starting service Tomcat
2017-04-06 15:58:15.596 [main] INFO  o.a.catalina.core.StandardEngine -Starting Servlet Engine: Apache Tomcat/8.0.32
2017-04-06 15:58:17.484 [localhost-startStop-1] INFO  org.apache.jasper.servlet.TldScanner -At least one JAR was scanned for TLDs yet contained no TLDs. Enable debug logging for this logger for a complete list of JARs that were scanned but no TLDs were found in them. Skipping unneeded JARs during scanning can improve startup time and JSP compilation time.
2017-04-06 15:58:17.733 [localhost-startStop-1] INFO  o.a.c.c.C.[Tomcat].[localhost].[/] -Initializing Spring embedded WebApplicationContext
2017-04-06 15:58:17.733 [localhost-startStop-1] INFO  o.s.web.context.ContextLoader -Root WebApplicationContext: initialization completed in 7848 ms
2017-04-06 15:58:18.279 [localhost-startStop-1] INFO  o.s.b.c.e.ServletRegistrationBean -Mapping servlet: 'dispatcherServlet' to [/]
2017-04-06 15:58:18.295 [localhost-startStop-1] INFO  o.s.b.c.e.FilterRegistrationBean -Mapping filter: 'characterEncodingFilter' to: [/*]
2017-04-06 15:58:18.295 [localhost-startStop-1] INFO  o.s.b.c.e.FilterRegistrationBean -Mapping filter: 'hiddenHttpMethodFilter' to: [/*]
2017-04-06 15:58:18.295 [localhost-startStop-1] INFO  o.s.b.c.e.FilterRegistrationBean -Mapping filter: 'httpPutFormContentFilter' to: [/*]
2017-04-06 15:58:18.295 [localhost-startStop-1] INFO  o.s.b.c.e.FilterRegistrationBean -Mapping filter: 'requestContextFilter' to: [/*]
2017-04-06 15:58:19.184 [main] INFO  o.s.o.j.LocalContainerEntityManagerFactoryBean -Building JPA container EntityManagerFactory for persistence unit 'default'
2017-04-06 15:58:19.215 [main] INFO  o.h.jpa.internal.util.LogHelper -HHH000204: Processing PersistenceUnitInfo [
	name: default
	...]
2017-04-06 15:58:19.387 [main] INFO  org.hibernate.Version -HHH000412: Hibernate Core {4.3.11.Final}
2017-04-06 15:58:19.387 [main] INFO  org.hibernate.cfg.Environment -HHH000206: hibernate.properties not found
2017-04-06 15:58:19.387 [main] INFO  org.hibernate.cfg.Environment -HHH000021: Bytecode provider name : javassist
2017-04-06 15:58:20.011 [main] INFO  o.h.annotations.common.Version -HCANN000001: Hibernate Commons Annotations {4.0.5.Final}
2017-04-06 15:58:20.869 [main] INFO  org.hibernate.dialect.Dialect -HHH000400: Using dialect: org.hibernate.dialect.MySQL5Dialect
2017-04-06 15:58:20.900 [main] INFO  o.h.h.i.a.ASTQueryTranslatorFactory -HHH000397: Using ASTQueryTranslatorFactory
2017-04-06 15:58:21.056 [main] INFO  o.h.tool.hbm2ddl.SchemaUpdate -HHH000228: Running hbm2ddl schema update
2017-04-06 15:58:21.056 [main] INFO  o.h.tool.hbm2ddl.SchemaUpdate -HHH000102: Fetching database metadata
2017-04-06 15:58:21.056 [main] INFO  o.h.tool.hbm2ddl.SchemaUpdate -HHH000396: Updating schema
2017-04-06 15:58:21.056 [main] INFO  o.h.tool.hbm2ddl.SchemaUpdate -HHH000232: Schema update complete
2017-04-06 15:58:21.477 [main] INFO  o.s.w.s.m.m.a.RequestMappingHandlerAdapter -Looking for @ControllerAdvice: org.springframework.boot.context.embedded.AnnotationConfigEmbeddedWebApplicationContext@4e15cb96: startup date [Thu Apr 06 15:58:09 CST 2017]; root of context hierarchy
2017-04-06 15:58:21.618 [main] INFO  o.s.w.s.m.m.a.RequestMappingHandlerMapping -Mapped "{[/json/access/net]}" onto public net.sf.json.JSONObject com.controller.json.AccessJsonController.getAccessNetJson(java.lang.String) throws java.lang.Exception
2017-04-06 15:58:21.618 [main] INFO  o.s.w.s.m.m.a.RequestMappingHandlerMapping -Mapped "{[/json/access/city]}" onto public net.sf.json.JSONObject com.controller.json.AccessJsonController.getAccessCityJson(java.lang.String) throws java.lang.Exception
2017-04-06 15:58:21.618 [main] INFO  o.s.w.s.m.m.a.RequestMappingHandlerMapping -Mapped "{[/json/access/lastdoc]}" onto public net.sf.json.JSONObject com.controller.json.AccessJsonController.getAccesslastdocJson(java.lang.String) throws java.lang.Exception
2017-04-06 15:58:21.618 [main] INFO  o.s.w.s.m.m.a.RequestMappingHandlerMapping -Mapped "{[/json/access/lastdocpull]}" onto public net.sf.json.JSONObject com.controller.json.AccessJsonController.getAccessLastdocPullJson(java.lang.String) throws java.lang.Exception
2017-04-06 15:58:21.618 [main] INFO  o.s.w.s.m.m.a.RequestMappingHandlerMapping -Mapped "{[/json/access/total]}" onto public net.sf.json.JSONObject com.controller.json.AccessJsonController.getAccessTotalJson(java.lang.String) throws java.lang.Exception
2017-04-06 15:58:21.618 [main] INFO  o.s.w.s.m.m.a.RequestMappingHandlerMapping -Mapped "{[/json/access/loadreason]}" onto public net.sf.json.JSONObject com.controller.json.AccessJsonController.getResultLoadReasonJson(java.lang.String) throws java.lang.Exception
2017-04-06 15:58:21.618 [main] INFO  o.s.w.s.m.m.a.RequestMappingHandlerMapping -Mapped "{[/json/access/loadreason/weekend]}" onto public net.sf.json.JSONObject com.controller.json.AccessJsonController.getResultLoadReasonWeekendJson(java.lang.String,java.lang.String) throws java.lang.Exception
2017-04-06 15:58:21.618 [main] INFO  o.s.w.s.m.m.a.RequestMappingHandlerMapping -Mapped "{[/json/access/loadsource]}" onto public net.sf.json.JSONObject com.controller.json.AccessJsonController.getResultLoadSourceJson(java.lang.String) throws java.lang.Exception
2017-04-06 15:58:21.618 [main] INFO  o.s.w.s.m.m.a.RequestMappingHandlerMapping -Mapped "{[/json/access/loadsource/weekend]}" onto public net.sf.json.JSONObject com.controller.json.AccessJsonController.getResultLoadSourceWeekendJson(java.lang.String,java.lang.String) throws java.lang.Exception
2017-04-06 15:58:21.618 [main] INFO  o.s.w.s.m.m.a.RequestMappingHandlerMapping -Mapped "{[/json/access/timeconsume]}" onto public net.sf.json.JSONObject com.controller.json.AccessJsonController.getTimeConsumeJson(java.lang.String) throws java.lang.Exception
2017-04-06 15:58:21.618 [main] INFO  o.s.w.s.m.m.a.RequestMappingHandlerMapping -Mapped "{[/json/access/timeconsume/weekend]}" onto public net.sf.json.JSONObject com.controller.json.AccessJsonController.getTimeConsumeJson(java.lang.String,java.lang.String) throws java.lang.Exception
2017-04-06 15:58:21.633 [main] INFO  o.s.w.s.m.m.a.RequestMappingHandlerMapping -Mapped "{[/headline/json/mix]}" onto public java.lang.String com.controller.json.HLMixJsonCtl.getMixList(java.lang.String) throws java.lang.Exception
2017-04-06 15:58:21.633 [main] INFO  o.s.w.s.m.m.a.RequestMappingHandlerMapping -Mapped "{[/headline/json/preload]}" onto public java.lang.String com.controller.json.HLPreLoadJsonCtl.getPreload(java.lang.String) throws java.lang.Exception
2017-04-06 15:58:21.633 [main] INFO  o.s.w.s.m.m.a.RequestMappingHandlerMapping -Mapped "{[/headline/json/preload/history]}" onto public java.lang.String com.controller.json.HLPreLoadJsonCtl.getHistoryPreload(java.lang.String) throws java.lang.Exception
2017-04-06 15:58:21.633 [main] INFO  o.s.w.s.m.m.a.RequestMappingHandlerMapping -Mapped "{[/city]}" onto public java.lang.String com.controller.view.AccessController.cityStatus(javax.servlet.http.HttpServletRequest,org.springframework.ui.Model,java.lang.String) throws java.lang.Exception
2017-04-06 15:58:21.649 [main] INFO  o.s.w.s.m.m.a.RequestMappingHandlerMapping -Mapped "{[/error]}" onto public org.springframework.http.ResponseEntity<java.util.Map<java.lang.String, java.lang.Object>> org.springframework.boot.autoconfigure.web.BasicErrorController.error(javax.servlet.http.HttpServletRequest)
2017-04-06 15:58:21.649 [main] INFO  o.s.w.s.m.m.a.RequestMappingHandlerMapping -Mapped "{[/error],produces=[text/html]}" onto public org.springframework.web.servlet.ModelAndView org.springframework.boot.autoconfigure.web.BasicErrorController.errorHtml(javax.servlet.http.HttpServletRequest,javax.servlet.http.HttpServletResponse)
2017-04-06 15:58:21.649 [main] INFO  o.s.w.s.c.a.WebMvcConfigurerAdapter -Adding welcome page: class path resource [static/index.html]
2017-04-06 15:58:21.665 [main] INFO  o.s.w.s.h.SimpleUrlHandlerMapping -Root mapping to handler of type [class org.springframework.web.servlet.mvc.ParameterizableViewController]
2017-04-06 15:58:21.696 [main] INFO  o.s.w.s.h.SimpleUrlHandlerMapping -Mapped URL path [/webjars/**] onto handler of type [class org.springframework.web.servlet.resource.ResourceHttpRequestHandler]
2017-04-06 15:58:21.696 [main] INFO  o.s.w.s.h.SimpleUrlHandlerMapping -Mapped URL path [/**] onto handler of type [class org.springframework.web.servlet.resource.ResourceHttpRequestHandler]
2017-04-06 15:58:21.758 [main] INFO  o.s.w.s.h.SimpleUrlHandlerMapping -Mapped URL path [/**/favicon.ico] onto handler of type [class org.springframework.web.servlet.resource.ResourceHttpRequestHandler]
2017-04-06 15:58:22.070 [main] INFO  o.s.j.e.a.AnnotationMBeanExporter -Registering beans for JMX exposure on startup
2017-04-06 15:58:22.242 [main] INFO  o.s.b.c.e.t.TomcatEmbeddedServletContainer -Tomcat started on port(s): 8067 (http)
2017-04-06 15:58:22.242 [main] INFO  com.Application -Started Application in 12.918 seconds (JVM running for 14.206)
2017-04-06 15:58:28.463 [http-nio-8067-exec-1] INFO  o.a.c.c.C.[Tomcat].[localhost].[/] -Initializing Spring FrameworkServlet 'dispatcherServlet'
2017-04-06 15:58:28.463 [http-nio-8067-exec-1] INFO  o.s.web.servlet.DispatcherServlet -FrameworkServlet 'dispatcherServlet': initialization started
2017-04-06 15:58:28.499 [http-nio-8067-exec-1] INFO  o.s.web.servlet.DispatcherServlet -FrameworkServlet 'dispatcherServlet': initialization completed in 36 ms
2017-04-06 19:22:56.890 [Thread-5] INFO  o.s.b.c.e.AnnotationConfigEmbeddedWebApplicationContext -Closing org.springframework.boot.context.embedded.AnnotationConfigEmbeddedWebApplicationContext@4e15cb96: startup date [Thu Apr 06 15:58:09 CST 2017]; root of context hierarchy
2017-04-06 19:23:01.402 [Thread-5] INFO  o.s.j.e.a.AnnotationMBeanExporter -Unregistering JMX-exposed beans on shutdown
2017-04-06 19:23:01.800 [Thread-5] INFO  o.s.o.j.LocalContainerEntityManagerFactoryBean -Closing JPA EntityManagerFactory for persistence unit 'default'
